  DSPEssentials.c
C:\Users\PC\Desktop\Git Repos\staticDSPLib\staticDSPLib\DSPEssentials.c(63,9): warning C4244: 'return': conversion from 'double' to 'float', possible loss of data
C:\Users\PC\Desktop\Git Repos\staticDSPLib\staticDSPLib\DSPEssentials.c(73,24): warning C4244: 'return': conversion from 'int' to 'float', possible loss of data
C:\Users\PC\Desktop\Git Repos\staticDSPLib\staticDSPLib\DSPEssentials.c(77,10): warning C4244: 'return': conversion from 'double' to 'float', possible loss of data
C:\Users\PC\Desktop\Git Repos\staticDSPLib\staticDSPLib\DSPEssentials.c(81,10): warning C4244: 'return': conversion from 'double' to 'float', possible loss of data
C:\Users\PC\Desktop\Git Repos\staticDSPLib\staticDSPLib\DSPEssentials.c(83,9): warning C4244: 'return': conversion from 'double' to 'float', possible loss of data
C:\Users\PC\Desktop\Git Repos\staticDSPLib\staticDSPLib\DSPEssentials.c(88,12): warning C4244: 'initializing': conversion from 'double' to 'float', possible loss of data
  DSPLib.c
C:\Users\PC\Desktop\Git Repos\staticDSPLib\staticDSPLib\DSPLib.c(30,34): warning C4244: '=': conversion from 'double' to 'float', possible loss of data
C:\Users\PC\Desktop\Git Repos\staticDSPLib\staticDSPLib\DSPLib.c(31,20): warning C4244: '=': conversion from 'double' to 'float', possible loss of data
C:\Users\PC\Desktop\Git Repos\staticDSPLib\staticDSPLib\DSPLib.c(32,31): warning C4244: '=': conversion from 'double' to 'float', possible loss of data
C:\Users\PC\Desktop\Git Repos\staticDSPLib\staticDSPLib\DSPLib.c(41,1): warning C4029: declared formal parameter list different from definition
C:\Users\PC\Desktop\Git Repos\staticDSPLib\staticDSPLib\DSPLib.c(55,11): warning C4244: '=': conversion from 'double' to 'int', possible loss of data
C:\Users\PC\Desktop\Git Repos\staticDSPLib\staticDSPLib\DSPLib.c(112,14): warning C4244: '=': conversion from 'double' to 'float', possible loss of data
C:\Users\PC\Desktop\Git Repos\staticDSPLib\staticDSPLib\DSPLib.c(114,23): warning C4244: '=': conversion from 'double' to 'float', possible loss of data
C:\Users\PC\Desktop\Git Repos\staticDSPLib\staticDSPLib\DSPLib.c(123,9): warning C4244: '=': conversion from 'double' to 'float', possible loss of data
C:\Users\PC\Desktop\Git Repos\staticDSPLib\staticDSPLib\DSPLib.c(125,9): warning C4244: '=': conversion from 'double' to 'float', possible loss of data
C:\Users\PC\Desktop\Git Repos\staticDSPLib\staticDSPLib\DSPLib.c(147,6): warning C4101: 'i': unreferenced local variable
  tester_MAIN.c
C:\Users\PC\Desktop\Git Repos\staticDSPLib\staticDSPLib\tester_MAIN.c(11,10): warning C4101: 'z': unreferenced local variable
C:\Users\PC\Desktop\Git Repos\staticDSPLib\staticDSPLib\tester_MAIN.c(12,9): warning C4101: 'y_mag': unreferenced local variable
C:\Users\PC\Desktop\Git Repos\staticDSPLib\staticDSPLib\tester_MAIN.c(12,17): warning C4101: 'y_phase': unreferenced local variable
C:\Users\PC\Desktop\Git Repos\staticDSPLib\staticDSPLib\tester_MAIN.c(11,14): warning C4101: 's': unreferenced local variable
C:\Users\PC\Desktop\Git Repos\staticDSPLib\staticDSPLib\tester_MAIN.c(11,12): warning C4101: 'w': unreferenced local variable
C:\Users\PC\Desktop\Git Repos\staticDSPLib\staticDSPLib\tester_MAIN.c(13,15): warning C4101: 'i_y': unreferenced local variable
  Generating Code...
C:\Users\PC\Desktop\Git Repos\staticDSPLib\staticDSPLib\DSPLib.c(158): warning C4716: 'fastConv': must return a value
C:\Users\PC\Desktop\Git Repos\staticDSPLib\staticDSPLib\DSPLib.c(170): warning C4715: 'dft': not all control paths return a value
C:\Users\PC\Desktop\Git Repos\staticDSPLib\staticDSPLib\DSPLib.c(182): warning C4715: 'idft': not all control paths return a value
C:\Users\PC\Desktop\Git Repos\staticDSPLib\staticDSPLib\DSPLib.c(195): warning C4715: 'fft': not all control paths return a value
C:\Users\PC\Desktop\Git Repos\staticDSPLib\staticDSPLib\DSPLib.c(199): warning C4716: 'ifft': must return a value
  staticDSPLib.vcxproj -> C:\Users\PC\Desktop\Git Repos\staticDSPLib\x64\Debug\staticDSPLib.exe
