c:\users\pc\desktop\git repos\staticdsplib\staticdsplib\x64\debug\vc143.pdb
c:\users\pc\desktop\git repos\staticdsplib\staticdsplib\x64\debug\vc143.idb
c:\users\pc\desktop\git repos\staticdsplib\staticdsplib\x64\debug\tester_main.obj
c:\users\pc\desktop\git repos\staticdsplib\staticdsplib\x64\debug\dsplib.obj
c:\users\pc\desktop\git repos\staticdsplib\staticdsplib\x64\debug\dspessentials.obj
c:\users\pc\desktop\git repos\staticdsplib\x64\debug\staticdsplib.pdb
c:\users\pc\desktop\git repos\staticdsplib\staticdsplib\x64\debug\staticdsplib.tlog\cl.command.1.tlog
c:\users\pc\desktop\git repos\staticdsplib\staticdsplib\x64\debug\staticdsplib.tlog\cl.items.tlog
c:\users\pc\desktop\git repos\staticdsplib\staticdsplib\x64\debug\staticdsplib.tlog\cl.read.1.tlog
c:\users\pc\desktop\git repos\staticdsplib\staticdsplib\x64\debug\staticdsplib.tlog\cl.write.1.tlog
c:\users\pc\desktop\git repos\staticdsplib\staticdsplib\x64\debug\staticdsplib.tlog\link.1896-cvtres.read.1.tlog
c:\users\pc\desktop\git repos\staticdsplib\staticdsplib\x64\debug\staticdsplib.tlog\link.1896-cvtres.write.1.tlog
c:\users\pc\desktop\git repos\staticdsplib\staticdsplib\x64\debug\staticdsplib.tlog\link.1896-rc.read.1.tlog
c:\users\pc\desktop\git repos\staticdsplib\staticdsplib\x64\debug\staticdsplib.tlog\link.1896-rc.write.1.tlog
c:\users\pc\desktop\git repos\staticdsplib\staticdsplib\x64\debug\staticdsplib.tlog\link.1896.read.1.tlog
c:\users\pc\desktop\git repos\staticdsplib\staticdsplib\x64\debug\staticdsplib.tlog\link.1896.read.2.tlog
c:\users\pc\desktop\git repos\staticdsplib\staticdsplib\x64\debug\staticdsplib.tlog\link.1896.write.1.tlog
c:\users\pc\desktop\git repos\staticdsplib\staticdsplib\x64\debug\staticdsplib.tlog\link.command.1.tlog
c:\users\pc\desktop\git repos\staticdsplib\staticdsplib\x64\debug\staticdsplib.tlog\link.read.1.tlog
c:\users\pc\desktop\git repos\staticdsplib\staticdsplib\x64\debug\staticdsplib.tlog\link.write.1.tlog
